<?xml version="1.0" encoding="UTF-8"?>
<!-- Generated by org.testng.reporters.JUnitXMLReporter -->
<testsuite ignored="1" hostname="DESKTOP-O3KMR4H" failures="1" tests="1" name="Test" time="18.174" errors="0" timestamp="2022-08-16T19:21:46 EDT">
  <testcase classname="com.target.qa.test.categories.CategoriesTestClass" name="getCategories" time="4.587">
    <failure type="java.lang.AssertionError" message="expected [Dorm Must Haves] but found [bedding sheets : Dorm Bedding]">
      <![CDATA[java.lang.AssertionError: expected [Dorm Must Haves] but found [bedding sheets : Dorm Bedding]
at objects.DormBedding.getTitle(DormBedding.java:27)
at objects.DormBedding.dormBeddingSteps(DormBedding.java:42)
at com.target.qa.test.categories.CategoriesTestClass.getCategories(CategoriesTestClass.java:12)
at java.base/java.util.ArrayList.forEach(ArrayList.java:1511)
... Removed 32 stack frames]]>
    </failure>
  </testcase> <!-- getCategories -->
  <testcase classname="com.target.qa.test.signIn.SignInTestClass" name="signIn" time="0.0">
    <ignored/>
  </testcase> <!-- signIn -->
</testsuite> <!-- Test -->
