<?xml version="1.0" encoding="UTF-8"?>
<testng-results ignored="0" total="1" passed="1" failed="0" skipped="0">
  <reporter-output>
    <line>
      <![CDATA[[[ChromeDriver: chrome on WINDOWS (9ccc0077f5a12d400074fe59d7d7b39f)] -> xpath: //span[text()='Sign in']] This element has been clicked<br>]]>
    </line>
    <line>
      <![CDATA[Proxy element for: DefaultElementLocator 'By.xpath: //span[starts-with(@class, 'styles__ListItemText-sc-5oc0g9-1') and text()='Sign in']' This element has been clicked<br>]]>
    </line>
    <line>
      <![CDATA[[[ChromeDriver: chrome on WINDOWS (9ccc0077f5a12d400074fe59d7d7b39f)] -> xpath: //span[text()='Sign into your Target account']] :has value---->Sign into your Target account<br>]]>
    </line>
    <line>
      <![CDATA[[[ChromeDriver: chrome on WINDOWS (9ccc0077f5a12d400074fe59d7d7b39f)] -> xpath: //span[text()='Sign into your Target account']] :has value---->Sign into your Target account<br>]]>
    </line>
    <line>
      <![CDATA[Current Url is: https://www.target.com/login?client_id=ecom-web-1.0.0&ui_namespace=ui-default&back_button_action=browser&keep_me_signed_in=true&kmsi_default=false&actions=create_session_signin<br>]]>
    </line>
    <line>
      <![CDATA[Current Url is: https://www.target.com/login?client_id=ecom-web-1.0.0&ui_namespace=ui-default&back_button_action=browser&keep_me_signed_in=true&kmsi_default=false&actions=create_session_signin<br>]]>
    </line>
    <line>
      <![CDATA[abcd@gmail.com : This value has been passed through this [[ChromeDriver: chrome on WINDOWS (9ccc0077f5a12d400074fe59d7d7b39f)] -> xpath: //input[@name='username']]<br>]]>
    </line>
    <line>
      <![CDATA[987453#$! : This value has been passed through this [[ChromeDriver: chrome on WINDOWS (9ccc0077f5a12d400074fe59d7d7b39f)] -> css selector: input#password]<br>]]>
    </line>
    <line>
      <![CDATA[[[ChromeDriver: chrome on WINDOWS (9ccc0077f5a12d400074fe59d7d7b39f)] -> xpath: //span[text()='Sign in']] This element has been clicked<br>]]>
    </line>
  </reporter-output>
  <suite started-at="2022-08-12T20:03:19 EDT" name="RegressionSuite" finished-at="2022-08-12T20:04:12 EDT" duration-ms="52946">
    <groups>
    </groups>
    <test started-at="2022-08-12T20:03:19 EDT" name="Test" finished-at="2022-08-12T20:04:12 EDT" duration-ms="52946">
      <class name="com.target.qa.test.signIn.SignInTestClass">
        <test-method is-config="true" signature="setUp()[pri:0, instance:com.target.qa.test.signIn.SignInTestClass@1cbb87f3]" started-at="2022-08-12T20:03:19 EDT" name="setUp" finished-at="2022-08-12T20:03:50 EDT" duration-ms="30823" status="PASS">
          <reporter-output>
          </reporter-output>
        </test-method> <!-- setUp -->
        <test-method signature="signIn()[pri:0, instance:com.target.qa.test.signIn.SignInTestClass@1cbb87f3]" started-at="2022-08-12T20:03:50 EDT" name="signIn" finished-at="2022-08-12T20:04:11 EDT" duration-ms="20981" status="PASS">
          <reporter-output>
            <line>
              <![CDATA[[[ChromeDriver: chrome on WINDOWS (9ccc0077f5a12d400074fe59d7d7b39f)] -> xpath: //span[text()='Sign in']] This element has been clicked<br>]]>
            </line>
            <line>
              <![CDATA[Proxy element for: DefaultElementLocator 'By.xpath: //span[starts-with(@class, 'styles__ListItemText-sc-5oc0g9-1') and text()='Sign in']' This element has been clicked<br>]]>
            </line>
            <line>
              <![CDATA[[[ChromeDriver: chrome on WINDOWS (9ccc0077f5a12d400074fe59d7d7b39f)] -> xpath: //span[text()='Sign into your Target account']] :has value---->Sign into your Target account<br>]]>
            </line>
            <line>
              <![CDATA[[[ChromeDriver: chrome on WINDOWS (9ccc0077f5a12d400074fe59d7d7b39f)] -> xpath: //span[text()='Sign into your Target account']] :has value---->Sign into your Target account<br>]]>
            </line>
            <line>
              <![CDATA[Current Url is: https://www.target.com/login?client_id=ecom-web-1.0.0&ui_namespace=ui-default&back_button_action=browser&keep_me_signed_in=true&kmsi_default=false&actions=create_session_signin<br>]]>
            </line>
            <line>
              <![CDATA[Current Url is: https://www.target.com/login?client_id=ecom-web-1.0.0&ui_namespace=ui-default&back_button_action=browser&keep_me_signed_in=true&kmsi_default=false&actions=create_session_signin<br>]]>
            </line>
            <line>
              <![CDATA[abcd@gmail.com : This value has been passed through this [[ChromeDriver: chrome on WINDOWS (9ccc0077f5a12d400074fe59d7d7b39f)] -> xpath: //input[@name='username']]<br>]]>
            </line>
            <line>
              <![CDATA[987453#$! : This value has been passed through this [[ChromeDriver: chrome on WINDOWS (9ccc0077f5a12d400074fe59d7d7b39f)] -> css selector: input#password]<br>]]>
            </line>
            <line>
              <![CDATA[[[ChromeDriver: chrome on WINDOWS (9ccc0077f5a12d400074fe59d7d7b39f)] -> xpath: //span[text()='Sign in']] This element has been clicked<br>]]>
            </line>
          </reporter-output>
        </test-method> <!-- signIn -->
        <test-method is-config="true" signature="terminate()[pri:0, instance:com.target.qa.test.signIn.SignInTestClass@1cbb87f3]" started-at="2022-08-12T20:04:11 EDT" name="terminate" finished-at="2022-08-12T20:04:12 EDT" duration-ms="1081" status="PASS">
          <reporter-output>
          </reporter-output>
        </test-method> <!-- terminate -->
      </class> <!-- com.target.qa.test.signIn.SignInTestClass -->
    </test> <!-- Test -->
  </suite> <!-- RegressionSuite -->
</testng-results>
