<?xml version="1.0" encoding="UTF-8"?>
<testng-results ignored="0" total="1" passed="1" failed="0" skipped="0">
  <reporter-output>
  </reporter-output>
  <suite started-at="2022-08-01T21:20:03 EDT" name="Default suite" finished-at="2022-08-01T21:20:39 EDT" duration-ms="36036">
    <groups>
    </groups>
    <test started-at="2022-08-01T21:20:03 EDT" name="Default test" finished-at="2022-08-01T21:20:39 EDT" duration-ms="36036">
      <class name="com.target.qa.test.auto.HomeClass">
        <test-method is-config="true" signature="setUp()[pri:0, instance:com.target.qa.test.auto.HomeClass@1a4013]" started-at="2022-08-01T21:20:03 EDT" name="setUp" finished-at="2022-08-01T21:20:38 EDT" duration-ms="34620" status="PASS">
          <reporter-output>
          </reporter-output>
        </test-method> <!-- setUp -->
        <test-method signature="getUrl()[pri:0, instance:com.target.qa.test.auto.HomeClass@1a4013]" started-at="2022-08-01T21:20:38 EDT" name="getUrl" finished-at="2022-08-01T21:20:38 EDT" duration-ms="10" status="PASS">
          <reporter-output>
          </reporter-output>
        </test-method> <!-- getUrl -->
        <test-method is-config="true" signature="terminate()[pri:0, instance:com.target.qa.test.auto.HomeClass@1a4013]" started-at="2022-08-01T21:20:38 EDT" name="terminate" finished-at="2022-08-01T21:20:39 EDT" duration-ms="1314" status="PASS">
          <reporter-output>
          </reporter-output>
        </test-method> <!-- terminate -->
      </class> <!-- com.target.qa.test.auto.HomeClass -->
    </test> <!-- Default test -->
  </suite> <!-- Default suite -->
</testng-results>
